Started GET "/" for ::1 at 2016-12-03 18:48:47 -0500
Processing by Rails::WelcomeController#index as HTML
  Parameters: {"internal"=>true}
  Rendering /Users/Claire/.rvm/gems/ruby-2.3.0/gems/railties-5.0.0.1/lib/rails/templates/rails/welcome/index.html.erb
  Rendered /Users/Claire/.rvm/gems/ruby-2.3.0/gems/railties-5.0.0.1/lib/rails/templates/rails/welcome/index.html.erb (6.4ms)
Completed 200 OK in 189ms (Views: 41.7ms | ActiveRecord: 0.0ms)


Started GET "/" for ::1 at 2016-12-03 18:50:37 -0500
Processing by Rails::WelcomeController#index as HTML
  Parameters: {"internal"=>true}
  Rendering /Users/Claire/.rvm/gems/ruby-2.3.0/gems/railties-5.0.0.1/lib/rails/templates/rails/welcome/index.html.erb
  Rendered /Users/Claire/.rvm/gems/ruby-2.3.0/gems/railties-5.0.0.1/lib/rails/templates/rails/welcome/index.html.erb (3.9ms)
Completed 200 OK in 9ms (Views: 6.7ms | ActiveRecord: 0.0ms)


Started GET "/static_pages/index" for ::1 at 2016-12-04 15:22:08 -0500
Processing by StaticPagesController#index as HTML
  Rendering static_pages/index.html.erb within layouts/application
  Rendered static_pages/index.html.erb within layouts/application (3.0ms)
Completed 200 OK in 1470ms (Views: 1427.2ms | ActiveRecord: 0.0ms)


Started GET "/static_pages/index" for ::1 at 2016-12-04 15:22:15 -0500
Processing by StaticPagesController#index as HTML
  Rendering static_pages/index.html.erb within layouts/application
  Rendered static_pages/index.html.erb within layouts/application (0.6ms)
Completed 200 OK in 75ms (Views: 48.0ms | ActiveRecord: 0.0ms)


Started GET "/static_pages/index" for ::1 at 2016-12-04 15:26:09 -0500
Processing by StaticPagesController#index as HTML
  Rendering static_pages/index.html.erb within layouts/application
  Rendered static_pages/index.html.erb within layouts/application (0.4ms)
Completed 200 OK in 128ms (Views: 125.9ms | ActiveRecord: 0.0ms)


Started GET "/static_pages/index" for ::1 at 2016-12-04 15:26:12 -0500
Processing by StaticPagesController#index as HTML
  Rendering static_pages/index.html.erb within layouts/application
  Rendered static_pages/index.html.erb within layouts/application (0.3ms)
Completed 200 OK in 37ms (Views: 34.8ms | ActiveRecord: 0.0ms)


Started GET "/static_pages/index" for ::1 at 2016-12-04 15:31:23 -0500
Processing by StaticPagesController#index as HTML
  Rendering static_pages/index.html.erb within layouts/application
  Rendered static_pages/index.html.erb within layouts/application (0.4ms)
Completed 200 OK in 115ms (Views: 112.2ms | ActiveRecord: 0.0ms)


Started GET "/static_pages/index" for ::1 at 2016-12-04 15:31:28 -0500
Processing by StaticPagesController#index as HTML
  Rendering static_pages/index.html.erb within layouts/application
  Rendered static_pages/index.html.erb within layouts/application (0.7ms)
Completed 200 OK in 24ms (Views: 21.9ms | ActiveRecord: 0.0ms)


Started GET "/" for ::1 at 2016-12-04 15:31:40 -0500
Processing by StaticPagesController#index as HTML
  Rendering static_pages/index.html.erb within layouts/application
  Rendered static_pages/index.html.erb within layouts/application (0.4ms)
Completed 200 OK in 23ms (Views: 21.4ms | ActiveRecord: 0.0ms)


Started GET "/" for ::1 at 2016-12-04 16:32:04 -0500
Processing by StaticPagesController#index as HTML
  Rendering static_pages/index.html.erb within layouts/application
  Rendered static_pages/index.html.erb within layouts/application (2.4ms)
Completed 200 OK in 161ms (Views: 139.8ms | ActiveRecord: 0.0ms)


Started GET "/" for ::1 at 2016-12-04 16:32:09 -0500
Processing by StaticPagesController#index as HTML
  Rendering static_pages/index.html.erb within layouts/application
  Rendered static_pages/index.html.erb within layouts/application (0.4ms)
Completed 200 OK in 30ms (Views: 28.1ms | ActiveRecord: 0.0ms)


Started GET "/" for ::1 at 2016-12-04 16:32:11 -0500
Processing by StaticPagesController#index as HTML
  Rendering static_pages/index.html.erb within layouts/application
  Rendered static_pages/index.html.erb within layouts/application (0.6ms)
Completed 200 OK in 29ms (Views: 27.2ms | ActiveRecord: 0.0ms)


Started GET "/" for ::1 at 2016-12-04 16:37:35 -0500
Processing by StaticPagesController#index as HTML
  Rendering static_pages/index.html.erb within layouts/application
  Rendered static_pages/index.html.erb within layouts/application (2.4ms)
Completed 200 OK in 855ms (Views: 825.2ms | ActiveRecord: 0.0ms)


Started GET "/" for ::1 at 2016-12-04 16:37:45 -0500
Processing by StaticPagesController#index as HTML
  Rendering static_pages/index.html.erb within layouts/application
  Rendered static_pages/index.html.erb within layouts/application (0.4ms)
Completed 200 OK in 22ms (Views: 20.0ms | ActiveRecord: 0.0ms)


Started GET "/" for ::1 at 2016-12-04 16:41:07 -0500
Processing by StaticPagesController#index as HTML
  Rendering static_pages/index.html.erb within layouts/application
  Rendered static_pages/index.html.erb within layouts/application (1.1ms)
Completed 200 OK in 372ms (Views: 340.2ms | ActiveRecord: 0.0ms)


Started GET "/" for ::1 at 2016-12-04 16:41:15 -0500
Processing by StaticPagesController#index as HTML
  Rendering static_pages/index.html.erb within layouts/application
  Rendered static_pages/index.html.erb within layouts/application (0.4ms)
Completed 200 OK in 23ms (Views: 21.3ms | ActiveRecord: 0.0ms)


Started GET "/" for ::1 at 2016-12-04 16:44:01 -0500
Processing by StaticPagesController#index as HTML
  Rendering static_pages/index.html.erb within layouts/application
  Rendered static_pages/index.html.erb within layouts/application (0.7ms)
Completed 200 OK in 117ms (Views: 114.4ms | ActiveRecord: 0.0ms)


Started GET "/" for ::1 at 2016-12-04 16:45:12 -0500
Processing by StaticPagesController#index as HTML
  Rendering static_pages/index.html.erb within layouts/application
  Rendered static_pages/index.html.erb within layouts/application (0.5ms)
Completed 200 OK in 106ms (Views: 103.8ms | ActiveRecord: 0.0ms)


Started GET "/" for ::1 at 2016-12-04 16:45:15 -0500
Processing by StaticPagesController#index as HTML
  Rendering static_pages/index.html.erb within layouts/application
  Rendered static_pages/index.html.erb within layouts/application (0.5ms)
Completed 200 OK in 22ms (Views: 20.5ms | ActiveRecord: 0.0ms)


Started GET "/" for ::1 at 2016-12-04 16:45:18 -0500
Processing by StaticPagesController#index as HTML
  Rendering static_pages/index.html.erb within layouts/application
  Rendered static_pages/index.html.erb within layouts/application (0.8ms)
Completed 200 OK in 101ms (Views: 99.7ms | ActiveRecord: 0.0ms)


Started GET "/" for ::1 at 2016-12-04 16:46:34 -0500
Processing by StaticPagesController#index as HTML
  Rendering static_pages/index.html.erb within layouts/application
  Rendered static_pages/index.html.erb within layouts/application (0.6ms)
Completed 200 OK in 24ms (Views: 21.8ms | ActiveRecord: 0.0ms)


Started GET "/" for ::1 at 2016-12-04 16:47:04 -0500
Processing by StaticPagesController#index as HTML
  Rendering static_pages/index.html.erb within layouts/application
  Rendered static_pages/index.html.erb within layouts/application (0.6ms)
Completed 200 OK in 72ms (Views: 68.5ms | ActiveRecord: 0.0ms)


Started GET "/" for ::1 at 2016-12-04 16:50:24 -0500
Processing by StaticPagesController#index as HTML
  Rendering static_pages/index.html.erb within layouts/application
  Rendered static_pages/index.html.erb within layouts/application (0.4ms)
Completed 200 OK in 184ms (Views: 180.8ms | ActiveRecord: 0.0ms)


Started GET "/" for ::1 at 2016-12-04 16:52:47 -0500
Processing by StaticPagesController#index as HTML
  Rendering static_pages/index.html.erb within layouts/application
  Rendered static_pages/index.html.erb within layouts/application (2.4ms)
Completed 200 OK in 871ms (Views: 830.4ms | ActiveRecord: 0.0ms)


Started GET "/static_pages/contact" for ::1 at 2016-12-04 16:53:47 -0500
Processing by StaticPagesController#contact as HTML
  Rendering static_pages/contact.html.erb within layouts/application
  Rendered static_pages/contact.html.erb within layouts/application (0.7ms)
Completed 200 OK in 70ms (Views: 66.7ms | ActiveRecord: 0.0ms)


Started GET "/static_pages/about" for ::1 at 2016-12-04 16:53:54 -0500
Processing by StaticPagesController#about as HTML
  Rendering static_pages/about.html.erb within layouts/application
  Rendered static_pages/about.html.erb within layouts/application (0.6ms)
Completed 200 OK in 22ms (Views: 20.6ms | ActiveRecord: 0.0ms)


Started GET "/static_pages/contact" for ::1 at 2016-12-04 16:58:55 -0500
Processing by StaticPagesController#contact as HTML
  Rendering static_pages/contact.html.erb within layouts/application
  Rendered static_pages/contact.html.erb within layouts/application (0.5ms)
Completed 200 OK in 135ms (Views: 133.4ms | ActiveRecord: 0.0ms)


Started GET "/static_pages/about" for ::1 at 2016-12-04 16:59:00 -0500
Processing by StaticPagesController#about as HTML
  Rendering static_pages/about.html.erb within layouts/application
  Rendered static_pages/about.html.erb within layouts/application (0.4ms)
Completed 200 OK in 24ms (Views: 22.0ms | ActiveRecord: 0.0ms)


Started GET "/static_pages/about" for ::1 at 2016-12-04 16:59:42 -0500
Processing by StaticPagesController#about as HTML
  Rendering static_pages/about.html.erb within layouts/application
  Rendered static_pages/about.html.erb within layouts/application (0.4ms)
Completed 200 OK in 23ms (Views: 21.1ms | ActiveRecord: 0.0ms)


Started GET "/static_pages/contact" for ::1 at 2016-12-04 16:59:46 -0500
Processing by StaticPagesController#contact as HTML
  Rendering static_pages/contact.html.erb within layouts/application
  Rendered static_pages/contact.html.erb within layouts/application (0.4ms)
Completed 200 OK in 21ms (Views: 19.9ms | ActiveRecord: 0.0ms)


Started GET "/static_pages/contact" for ::1 at 2016-12-04 17:01:04 -0500
Processing by StaticPagesController#contact as HTML
  Rendering static_pages/contact.html.erb within layouts/application
  Rendered static_pages/contact.html.erb within layouts/application (0.3ms)
Completed 200 OK in 21ms (Views: 19.7ms | ActiveRecord: 0.0ms)


Started GET "/static_pages/about" for ::1 at 2016-12-04 17:01:07 -0500
Processing by StaticPagesController#about as HTML
  Rendering static_pages/about.html.erb within layouts/application
  Rendered static_pages/about.html.erb within layouts/application (0.4ms)
Completed 200 OK in 23ms (Views: 21.3ms | ActiveRecord: 0.0ms)


